<?xml version="1.0" encoding="UTF-8" ?>
<testsuite tests="7" failures="0" name="cst8218.jusk0003.tests.TestHeart" time="0.003" errors="0" skipped="0">
  <properties>
[...]
</properties>
  <testcase classname="cst8218.jusk0003.tests.TestHeart" name="cst8218.jusk0003.tests.TestHeart.testHeartInitialization" time="0.003"/>
  <testcase classname="cst8218.jusk0003.tests.TestHeart" name="cst8218.jusk0003.tests.TestHeart.testContinueContracting" time="0"/>
  <testcase classname="cst8218.jusk0003.tests.TestHeart" name="cst8218.jusk0003.tests.TestHeart.testFinishedCurrentBeat" time="0"/>
  <testcase classname="cst8218.jusk0003.tests.TestHeart" name="cst8218.jusk0003.tests.TestHeart.testExhuasted" time="0"/>
  <testcase classname="cst8218.jusk0003.tests.TestHeart" name="cst8218.jusk0003.tests.TestHeart.testNewBeat" time="0"/>
  <testcase classname="cst8218.jusk0003.tests.TestHeart" name="cst8218.jusk0003.tests.TestHeart.testShrink" time="0"/>
  <testcase classname="cst8218.jusk0003.tests.TestHeart" name="cst8218.jusk0003.tests.TestHeart.testStillBeating" time="0"/>
</testsuite>